[2018-01-03 19:37:15] testing.ERROR: Charlestide\Paladin\Providers\TestProvider::register(): Failed opening required 'AdminTableSeeder.php' (include_path='.::/Users/yuyu/Documents/workspace/Charlestide/Paladin/database/seeds') {"exception":"[object] (Symfony\\Component\\Debug\\Exception\\FatalErrorException(code: 64): Charlestide\\Paladin\\Providers\\TestProvider::register(): Failed opening required 'AdminTableSeeder.php' (include_path='.::/Users/yuyu/Documents/workspace/Charlestide/Paladin/database/seeds') at /Users/yuyu/Documents/workspace/Charlestide/Paladin/src/Providers/TestProvider.php:30)
[stacktrace]
#0 /Users/yuyu/Documents/workspace/Charlestide/Paladin/vendor/laravel/framework/src/Illuminate/Foundation/Bootstrap/HandleExceptions.php(137): Symfony\\Component\\Debug\\Exception\\FatalErrorException->__construct()
#1 /Users/yuyu/Documents/workspace/Charlestide/Paladin/vendor/laravel/framework/src/Illuminate/Foundation/Bootstrap/HandleExceptions.php(123): Illuminate\\Foundation\\Bootstrap\\HandleExceptions->fatalExceptionFromError()
#2 /Users/yuyu/Documents/workspace/Charlestide/Paladin/vendor/laravel/framework/src/Illuminate/Foundation/Bootstrap/HandleExceptions.php(0): Illuminate\\Foundation\\Bootstrap\\HandleExceptions->handleShutdown()
#3 /Users/yuyu/Documents/workspace/Charlestide/Paladin/vendor/laravel/framework/src/Illuminate/Foundation/Application.php(586): Charlestide\\Paladin\\Providers\\TestProvider->register()
#4 /Users/yuyu/Documents/workspace/Charlestide/Paladin/vendor/laravel/framework/src/Illuminate/Foundation/ProviderRepository.php(75): Illuminate\\Foundation\\Application->register()
#5 /Users/yuyu/Documents/workspace/Charlestide/Paladin/vendor/laravel/framework/src/Illuminate/Foundation/Application.php(561): Illuminate\\Foundation\\ProviderRepository->load()
#6 /Users/yuyu/Documents/workspace/Charlestide/Paladin/vendor/laravel/framework/src/Illuminate/Foundation/Bootstrap/RegisterProviders.php(17): Illuminate\\Foundation\\Application->registerConfiguredProviders()
#7 /Users/yuyu/Documents/workspace/Charlestide/Paladin/vendor/orchestra/testbench-core/src/Traits/CreatesApplication.php(310): Illuminate\\Foundation\\Bootstrap\\RegisterProviders->bootstrap()
#8 /Users/yuyu/Documents/workspace/Charlestide/Paladin/vendor/orchestra/testbench-core/src/Traits/CreatesApplication.php(206): Charlestide\\Paladin\\Tests\\Feature\\MigrateTest->resolveApplicationBootstrappers()
#9 /Users/yuyu/Documents/workspace/Charlestide/Paladin/vendor/orchestra/testbench-core/src/TestCase.php(102): Charlestide\\Paladin\\Tests\\Feature\\MigrateTest->createApplication()
#10 /Users/yuyu/Documents/workspace/Charlestide/Paladin/vendor/orchestra/testbench-core/src/TestCase.php(81): Charlestide\\Paladin\\Tests\\Feature\\MigrateTest->refreshApplication()
#11 /Users/yuyu/Documents/workspace/Charlestide/Paladin/tests/Base/Base.php(16): Charlestide\\Paladin\\Tests\\Feature\\MigrateTest->setUp()
#12 /Users/yuyu/Documents/workspace/Charlestide/Paladin/tests/Base/Migrated.php(16): Charlestide\\Paladin\\Tests\\Feature\\MigrateTest->setUp()
#13 phar:///usr/local/Cellar/phpunit/6.4.4/libexec/phpunit-6.4.4.phar/phpunit/Framework/TestCase.php(935): Charlestide\\Paladin\\Tests\\Feature\\MigrateTest->setUp()
#14 phar:///usr/local/Cellar/phpunit/6.4.4/libexec/phpunit-6.4.4.phar/phpunit/Framework/TestResult.php(698): Charlestide\\Paladin\\Tests\\Feature\\MigrateTest->runBare()
#15 phar:///usr/local/Cellar/phpunit/6.4.4/libexec/phpunit-6.4.4.phar/phpunit/Framework/TestCase.php(894): PHPUnit\\Framework\\TestResult->run()
#16 phar:///usr/local/Cellar/phpunit/6.4.4/libexec/phpunit-6.4.4.phar/phpunit/Framework/TestSuite.php(744): Charlestide\\Paladin\\Tests\\Feature\\MigrateTest->run()
#17 phar:///usr/local/Cellar/phpunit/6.4.4/libexec/phpunit-6.4.4.phar/phpunit/Framework/TestSuite.php(744): PHPUnit\\Framework\\TestSuite->run()
#18 phar:///usr/local/Cellar/phpunit/6.4.4/libexec/phpunit-6.4.4.phar/phpunit/Framework/TestSuite.php(744): PHPUnit\\Framework\\TestSuite->run()
#19 phar:///usr/local/Cellar/phpunit/6.4.4/libexec/phpunit-6.4.4.phar/phpunit/TextUI/TestRunner.php(537): PHPUnit\\Framework\\TestSuite->run()
#20 phar:///usr/local/Cellar/phpunit/6.4.4/libexec/phpunit-6.4.4.phar/phpunit/TextUI/Command.php(195): PHPUnit\\TextUI\\TestRunner->doRun()
#21 phar:///usr/local/Cellar/phpunit/6.4.4/libexec/phpunit-6.4.4.phar/phpunit/TextUI/Command.php(148): PHPUnit\\TextUI\\Command->run()
#22 /usr/local/Cellar/phpunit/6.4.4/libexec/phpunit-6.4.4.phar(566): PHPUnit\\TextUI\\Command::main()
#23 /usr/local/Cellar/phpunit/6.4.4/libexec/phpunit-6.4.4.phar(0): {main}()
#24 {main}
"} 
